0 info it worked if it ends with ok
1 verbose cli [ '/usr/bin/node', '/usr/bin/npm', 'install', 'canvas' ]
2 info using npm@3.10.8
3 info using node@v6.9.0
4 silly loadCurrentTree Starting
5 silly install loadCurrentTree
6 silly install readLocalPackageData
7 silly fetchPackageMetaData canvas
8 silly fetchNamedPackageData canvas
9 silly mapToRegistry name canvas
10 silly mapToRegistry using default registry
11 silly mapToRegistry registry https://registry.npmjs.org/
12 silly mapToRegistry data Result {
12 silly mapToRegistry   raw: 'canvas',
12 silly mapToRegistry   scope: null,
12 silly mapToRegistry   escapedName: 'canvas',
12 silly mapToRegistry   name: 'canvas',
12 silly mapToRegistry   rawSpec: '',
12 silly mapToRegistry   spec: 'latest',
12 silly mapToRegistry   type: 'tag' }
13 silly mapToRegistry uri https://registry.npmjs.org/canvas
14 verbose request uri https://registry.npmjs.org/canvas
15 verbose request no auth needed
16 info attempt registry request try #1 at 05:34:59
17 verbose request id 2635e2fda1a50d6b
18 verbose etag "3CIX0C30RD00CBQWTKWE6307Q"
19 http request GET https://registry.npmjs.org/canvas
20 http 304 https://registry.npmjs.org/canvas
21 verbose headers { date: 'Mon, 24 Oct 2016 05:34:59 GMT',
21 verbose headers   via: '1.1 varnish',
21 verbose headers   'cache-control': 'max-age=300',
21 verbose headers   etag: '"3CIX0C30RD00CBQWTKWE6307Q"',
21 verbose headers   age: '12',
21 verbose headers   connection: 'keep-alive',
21 verbose headers   'x-served-by': 'cache-iad2640-IAD',
21 verbose headers   'x-cache': 'HIT',
21 verbose headers   'x-cache-hits': '1',
21 verbose headers   'x-timer': 'S1477287299.989555,VS0,VE0',
21 verbose headers   vary: 'Accept-Encoding' }
22 silly get cb [ 304,
22 silly get   { date: 'Mon, 24 Oct 2016 05:34:59 GMT',
22 silly get     via: '1.1 varnish',
22 silly get     'cache-control': 'max-age=300',
22 silly get     etag: '"3CIX0C30RD00CBQWTKWE6307Q"',
22 silly get     age: '12',
22 silly get     connection: 'keep-alive',
22 silly get     'x-served-by': 'cache-iad2640-IAD',
22 silly get     'x-cache': 'HIT',
22 silly get     'x-cache-hits': '1',
22 silly get     'x-timer': 'S1477287299.989555,VS0,VE0',
22 silly get     vary: 'Accept-Encoding' } ]
23 verbose etag https://registry.npmjs.org/canvas from cache
24 verbose get saving canvas to /root/.npm/registry.npmjs.org/canvas/.cache.json
25 verbose correctMkdir /root/.npm correctMkdir not in flight; initializing
26 silly install normalizeTree
27 silly loadCurrentTree Finishing
28 silly loadIdealTree Starting
29 silly install loadIdealTree
30 silly cloneCurrentTree Starting
31 silly install cloneCurrentTreeToIdealTree
32 silly cloneCurrentTree Finishing
33 silly loadShrinkwrap Starting
34 silly install loadShrinkwrap
35 silly loadShrinkwrap Finishing
36 silly loadAllDepsIntoIdealTree Starting
37 silly install loadAllDepsIntoIdealTree
38 silly resolveWithNewModule canvas@1.6.1 checking installable status
39 silly cache add args [ 'canvas', null ]
40 verbose cache add spec canvas
41 silly cache add parsed spec Result {
41 silly cache add   raw: 'canvas',
41 silly cache add   scope: null,
41 silly cache add   escapedName: 'canvas',
41 silly cache add   name: 'canvas',
41 silly cache add   rawSpec: '',
41 silly cache add   spec: 'latest',
41 silly cache add   type: 'tag' }
42 silly addNamed canvas@latest
43 verbose addNamed "latest" is being treated as a dist-tag for canvas
44 info addNameTag [ 'canvas', 'latest' ]
45 silly mapToRegistry name canvas
46 silly mapToRegistry using default registry
47 silly mapToRegistry registry https://registry.npmjs.org/
48 silly mapToRegistry data Result {
48 silly mapToRegistry   raw: 'canvas',
48 silly mapToRegistry   scope: null,
48 silly mapToRegistry   escapedName: 'canvas',
48 silly mapToRegistry   name: 'canvas',
48 silly mapToRegistry   rawSpec: '',
48 silly mapToRegistry   spec: 'latest',
48 silly mapToRegistry   type: 'tag' }
49 silly mapToRegistry uri https://registry.npmjs.org/canvas
50 verbose addNameTag registry:https://registry.npmjs.org/canvas not in flight; fetching
51 verbose get https://registry.npmjs.org/canvas not expired, no request
52 silly addNameTag next cb for canvas with tag latest
53 silly addNamed canvas@1.6.1
54 verbose addNamed "1.6.1" is a plain semver version for canvas
55 silly cache afterAdd canvas@1.6.1
56 verbose afterAdd /root/.npm/canvas/1.6.1/package/package.json not in flight; writing
57 verbose correctMkdir /root/.npm correctMkdir not in flight; initializing
58 verbose afterAdd /root/.npm/canvas/1.6.1/package/package.json written
59 silly fetchNamedPackageData nan
60 silly mapToRegistry name nan
61 silly mapToRegistry using default registry
62 silly mapToRegistry registry https://registry.npmjs.org/
63 silly mapToRegistry data Result {
63 silly mapToRegistry   raw: 'nan',
63 silly mapToRegistry   scope: null,
63 silly mapToRegistry   escapedName: 'nan',
63 silly mapToRegistry   name: 'nan',
63 silly mapToRegistry   rawSpec: '',
63 silly mapToRegistry   spec: 'latest',
63 silly mapToRegistry   type: 'tag' }
64 silly mapToRegistry uri https://registry.npmjs.org/nan
65 verbose request uri https://registry.npmjs.org/nan
66 verbose request no auth needed
67 info attempt registry request try #1 at 05:35:00
68 verbose etag "2QXFPVXUU9DUUTAACVV4FOU2Z"
69 http request GET https://registry.npmjs.org/nan
70 http 304 https://registry.npmjs.org/nan
71 verbose headers { date: 'Mon, 24 Oct 2016 05:35:00 GMT',
71 verbose headers   via: '1.1 varnish',
71 verbose headers   'cache-control': 'max-age=300',
71 verbose headers   etag: '"2QXFPVXUU9DUUTAACVV4FOU2Z"',
71 verbose headers   age: '298',
71 verbose headers   connection: 'keep-alive',
71 verbose headers   'x-served-by': 'cache-iad2640-IAD',
71 verbose headers   'x-cache': 'HIT',
71 verbose headers   'x-cache-hits': '5',
71 verbose headers   'x-timer': 'S1477287300.590399,VS0,VE0',
71 verbose headers   vary: 'Accept-Encoding' }
72 silly get cb [ 304,
72 silly get   { date: 'Mon, 24 Oct 2016 05:35:00 GMT',
72 silly get     via: '1.1 varnish',
72 silly get     'cache-control': 'max-age=300',
72 silly get     etag: '"2QXFPVXUU9DUUTAACVV4FOU2Z"',
72 silly get     age: '298',
72 silly get     connection: 'keep-alive',
72 silly get     'x-served-by': 'cache-iad2640-IAD',
72 silly get     'x-cache': 'HIT',
72 silly get     'x-cache-hits': '5',
72 silly get     'x-timer': 'S1477287300.590399,VS0,VE0',
72 silly get     vary: 'Accept-Encoding' } ]
73 verbose etag https://registry.npmjs.org/nan from cache
74 verbose get saving nan to /root/.npm/registry.npmjs.org/nan/.cache.json
75 verbose correctMkdir /root/.npm correctMkdir not in flight; initializing
76 silly resolveWithNewModule nan@2.4.0 checking installable status
77 silly cache add args [ 'nan@^2.3.2', null ]
78 verbose cache add spec nan@^2.3.2
79 silly cache add parsed spec Result {
79 silly cache add   raw: 'nan@^2.3.2',
79 silly cache add   scope: null,
79 silly cache add   escapedName: 'nan',
79 silly cache add   name: 'nan',
79 silly cache add   rawSpec: '^2.3.2',
79 silly cache add   spec: '>=2.3.2 <3.0.0',
79 silly cache add   type: 'range' }
80 silly addNamed nan@>=2.3.2 <3.0.0
81 verbose addNamed ">=2.3.2 <3.0.0" is a valid semver range for nan
82 silly addNameRange { name: 'nan', range: '>=2.3.2 <3.0.0', hasData: false }
83 silly mapToRegistry name nan
84 silly mapToRegistry using default registry
85 silly mapToRegistry registry https://registry.npmjs.org/
86 silly mapToRegistry data Result {
86 silly mapToRegistry   raw: 'nan',
86 silly mapToRegistry   scope: null,
86 silly mapToRegistry   escapedName: 'nan',
86 silly mapToRegistry   name: 'nan',
86 silly mapToRegistry   rawSpec: '',
86 silly mapToRegistry   spec: 'latest',
86 silly mapToRegistry   type: 'tag' }
87 silly mapToRegistry uri https://registry.npmjs.org/nan
88 verbose addNameRange registry:https://registry.npmjs.org/nan not in flight; fetching
89 verbose get https://registry.npmjs.org/nan not expired, no request
90 silly addNameRange number 2 { name: 'nan', range: '>=2.3.2 <3.0.0', hasData: true }
91 silly addNameRange versions [ 'nan',
91 silly addNameRange   [ '0.3.0-wip',
91 silly addNameRange     '0.3.0-wip2',
91 silly addNameRange     '0.3.0',
91 silly addNameRange     '0.3.1',
91 silly addNameRange     '0.3.2',
91 silly addNameRange     '0.4.0',
91 silly addNameRange     '0.4.1',
91 silly addNameRange     '0.4.2',
91 silly addNameRange     '0.4.3',
91 silly addNameRange     '0.4.4',
91 silly addNameRange     '0.5.0',
91 silly addNameRange     '0.5.1',
91 silly addNameRange     '0.5.2',
91 silly addNameRange     '0.6.0',
91 silly addNameRange     '0.7.0',
91 silly addNameRange     '0.7.1',
91 silly addNameRange     '0.8.0',
91 silly addNameRange     '1.0.0',
91 silly addNameRange     '1.1.0',
91 silly addNameRange     '1.1.1',
91 silly addNameRange     '1.1.2',
91 silly addNameRange     '1.2.0',
91 silly addNameRange     '1.3.0',
91 silly addNameRange     '1.4.0',
91 silly addNameRange     '1.4.1',
91 silly addNameRange     '1.5.0',
91 silly addNameRange     '1.4.2',
91 silly addNameRange     '1.4.3',
91 silly addNameRange     '1.5.1',
91 silly addNameRange     '1.5.2',
91 silly addNameRange     '1.6.0',
91 silly addNameRange     '1.5.3',
91 silly addNameRange     '1.6.1',
91 silly addNameRange     '1.6.2',
91 silly addNameRange     '1.7.0',
91 silly addNameRange     '1.8.0',
91 silly addNameRange     '1.8.1',
91 silly addNameRange     '1.8.2',
91 silly addNameRange     '1.8.3',
91 silly addNameRange     '1.8.4',
91 silly addNameRange     '1.9.0',
91 silly addNameRange     '2.0.0',
91 silly addNameRange     '2.0.1',
91 silly addNameRange     '2.0.2',
91 silly addNameRange     '2.0.3',
91 silly addNameRange     '2.0.4',
91 silly addNameRange     '2.0.5',
91 silly addNameRange     '2.0.6',
91 silly addNameRange     '2.0.7',
91 silly addNameRange     '2.0.8',
91 silly addNameRange     '2.0.9',
91 silly addNameRange     '2.1.0',
91 silly addNameRange     '2.2.0',
91 silly addNameRange     '2.2.1',
91 silly addNameRange     '2.3.0',
91 silly addNameRange     '2.3.1',
91 silly addNameRange     '2.3.2',
91 silly addNameRange     '2.3.3',
91 silly addNameRange     '2.3.4',
91 silly addNameRange     '2.3.5',
91 silly addNameRange     '2.4.0' ] ]
92 silly addNamed nan@2.4.0
93 verbose addNamed "2.4.0" is a plain semver version for nan
94 silly cache afterAdd nan@2.4.0
95 verbose afterAdd /root/.npm/nan/2.4.0/package/package.json not in flight; writing
96 verbose correctMkdir /root/.npm correctMkdir not in flight; initializing
97 verbose afterAdd /root/.npm/nan/2.4.0/package/package.json written
98 silly fetchNamedPackageData fsevents
99 silly mapToRegistry name fsevents
100 silly mapToRegistry using default registry
101 silly mapToRegistry registry https://registry.npmjs.org/
102 silly mapToRegistry data Result {
102 silly mapToRegistry   raw: 'fsevents',
102 silly mapToRegistry   scope: null,
102 silly mapToRegistry   escapedName: 'fsevents',
102 silly mapToRegistry   name: 'fsevents',
102 silly mapToRegistry   rawSpec: '',
102 silly mapToRegistry   spec: 'latest',
102 silly mapToRegistry   type: 'tag' }
103 silly mapToRegistry uri https://registry.npmjs.org/fsevents
104 verbose request uri https://registry.npmjs.org/fsevents
105 verbose request no auth needed
106 info attempt registry request try #1 at 05:35:00
107 verbose etag "J1WMJADQEUBTKGSOYI5A2X04"
108 http request GET https://registry.npmjs.org/fsevents
109 http 304 https://registry.npmjs.org/fsevents
110 verbose headers { date: 'Mon, 24 Oct 2016 05:35:00 GMT',
110 verbose headers   via: '1.1 varnish',
110 verbose headers   'cache-control': 'max-age=300',
110 verbose headers   etag: '"J1WMJADQEUBTKGSOYI5A2X04"',
110 verbose headers   age: '158',
110 verbose headers   connection: 'keep-alive',
110 verbose headers   'x-served-by': 'cache-iad2640-IAD',
110 verbose headers   'x-cache': 'HIT',
110 verbose headers   'x-cache-hits': '6',
110 verbose headers   'x-timer': 'S1477287300.860992,VS0,VE0',
110 verbose headers   vary: 'Accept-Encoding' }
111 silly get cb [ 304,
111 silly get   { date: 'Mon, 24 Oct 2016 05:35:00 GMT',
111 silly get     via: '1.1 varnish',
111 silly get     'cache-control': 'max-age=300',
111 silly get     etag: '"J1WMJADQEUBTKGSOYI5A2X04"',
111 silly get     age: '158',
111 silly get     connection: 'keep-alive',
111 silly get     'x-served-by': 'cache-iad2640-IAD',
111 silly get     'x-cache': 'HIT',
111 silly get     'x-cache-hits': '6',
111 silly get     'x-timer': 'S1477287300.860992,VS0,VE0',
111 silly get     vary: 'Accept-Encoding' } ]
112 verbose etag https://registry.npmjs.org/fsevents from cache
113 verbose get saving fsevents to /root/.npm/registry.npmjs.org/fsevents/.cache.json
114 verbose correctMkdir /root/.npm correctMkdir not in flight; initializing
115 silly resolveWithNewModule fsevents@1.0.14 checking installable status
116 silly loadAllDepsIntoIdealTree Finishing
117 silly loadIdealTree Finishing
118 silly currentTree nevget-server@0.0.0
118 silly currentTree ├── abbrev@1.0.9
118 silly currentTree ├── accepts@1.2.13
118 silly currentTree ├── ansi-regex@2.0.0
118 silly currentTree ├── ansi-styles@2.2.1
118 silly currentTree ├── anymatch@1.3.0
118 silly currentTree ├── arr-diff@2.0.0
118 silly currentTree ├── arr-flatten@1.0.1
118 silly currentTree ├── array-flatten@1.1.1
118 silly currentTree ├── array-unique@0.2.1
118 silly currentTree ├── arrify@1.0.1
118 silly currentTree ├── async-each@1.0.1
118 silly currentTree ├── async@2.0.1
118 silly currentTree ├── balanced-match@0.4.2
118 silly currentTree ├── basic-auth@1.0.4
118 silly currentTree ├── binary-extensions@1.7.0
118 silly currentTree ├── bluebird@2.10.2
118 silly currentTree ├── body-parser@1.15.2
118 silly currentTree ├── brace-expansion@1.1.6
118 silly currentTree ├── braces@1.8.5
118 silly currentTree ├── bson@0.5.6
118 silly currentTree ├── buffer-shims@1.0.0
118 silly currentTree ├── bytes@2.4.0
118 silly currentTree ├── chalk@1.1.3
118 silly currentTree ├── chokidar@1.6.1
118 silly currentTree ├── concat-map@0.0.1
118 silly currentTree ├── configstore@1.4.0
118 silly currentTree ├── content-disposition@0.5.1
118 silly currentTree ├── content-type@1.0.2
118 silly currentTree ├── cookie-parser@1.4.3
118 silly currentTree ├── cookie-signature@1.0.6
118 silly currentTree ├── cookie@0.3.1
118 silly currentTree ├── core-util-is@1.0.2
118 silly currentTree ├── debug@2.2.0
118 silly currentTree ├── deep-extend@0.4.1
118 silly currentTree ├── depd@1.1.0
118 silly currentTree ├── destroy@1.0.4
118 silly currentTree ├── duplexer@0.1.1
118 silly currentTree ├── duplexify@3.4.6
118 silly currentTree ├── ee-first@1.1.1
118 silly currentTree ├── ejs@2.4.2
118 silly currentTree ├── end-of-stream@1.0.0
118 silly currentTree ├── es6-promise@3.3.1
118 silly currentTree ├── escape-html@1.0.3
118 silly currentTree ├── escape-string-regexp@1.0.5
118 silly currentTree ├── etag@1.7.0
118 silly currentTree ├── event-stream@3.3.4
118 silly currentTree ├── expand-brackets@0.1.5
118 silly currentTree ├── expand-range@1.8.2
118 silly currentTree ├─┬ express@4.13.4
118 silly currentTree │ ├── cookie@0.1.5
118 silly currentTree │ └── qs@4.0.0
118 silly currentTree ├── extglob@0.3.2
118 silly currentTree ├── filename-regex@2.0.0
118 silly currentTree ├── fill-range@2.2.3
118 silly currentTree ├── finalhandler@0.4.1
118 silly currentTree ├── for-in@0.1.6
118 silly currentTree ├── for-own@0.1.4
118 silly currentTree ├── forwarded@0.1.0
118 silly currentTree ├── fresh@0.3.0
118 silly currentTree ├── from@0.1.3
118 silly currentTree ├── glob-base@0.3.0
118 silly currentTree ├── glob-parent@2.0.0
118 silly currentTree ├─┬ got@3.3.1
118 silly currentTree │ └── object-assign@3.0.0
118 silly currentTree ├── graceful-fs@4.1.9
118 silly currentTree ├── has-ansi@2.0.0
118 silly currentTree ├── hooks-fixed@1.2.0
118 silly currentTree ├── http-errors@1.5.0
118 silly currentTree ├── iconv-lite@0.4.13
118 silly currentTree ├── ignore-by-default@1.0.1
118 silly currentTree ├── imurmurhash@0.1.4
118 silly currentTree ├── infinity-agent@2.0.3
118 silly currentTree ├── inherits@2.0.1
118 silly currentTree ├── ini@1.3.4
118 silly currentTree ├── ipaddr.js@1.0.5
118 silly currentTree ├── is-binary-path@1.0.1
118 silly currentTree ├── is-buffer@1.1.4
118 silly currentTree ├── is-dotfile@1.0.2
118 silly currentTree ├── is-equal-shallow@0.1.3
118 silly currentTree ├── is-extendable@0.1.1
118 silly currentTree ├── is-extglob@1.0.0
118 silly currentTree ├── is-finite@1.0.2
118 silly currentTree ├── is-glob@2.0.1
118 silly currentTree ├── is-npm@1.0.0
118 silly currentTree ├── is-number@2.1.0
118 silly currentTree ├── is-posix-bracket@0.1.1
118 silly currentTree ├── is-primitive@2.0.0
118 silly currentTree ├── is-redirect@1.0.0
118 silly currentTree ├── is-stream@1.1.0
118 silly currentTree ├── isarray@1.0.0
118 silly currentTree ├── isobject@2.1.0
118 silly currentTree ├── kareem@1.1.3
118 silly currentTree ├── kind-of@3.0.4
118 silly currentTree ├── latest-version@1.0.1
118 silly currentTree ├── lodash._baseassign@3.2.0
118 silly currentTree ├── lodash._basecopy@3.0.1
118 silly currentTree ├── lodash._bindcallback@3.0.1
118 silly currentTree ├── lodash._createassigner@3.1.1
118 silly currentTree ├── lodash._getnative@3.9.1
118 silly currentTree ├── lodash._isiterateecall@3.0.9
118 silly currentTree ├── lodash.assign@3.2.0
118 silly currentTree ├── lodash.defaults@3.1.2
118 silly currentTree ├── lodash.isarguments@3.1.0
118 silly currentTree ├── lodash.isarray@3.0.4
118 silly currentTree ├── lodash.keys@3.1.2
118 silly currentTree ├── lodash.restparam@3.6.1
118 silly currentTree ├── lodash@4.16.4
118 silly currentTree ├── lowercase-keys@1.0.0
118 silly currentTree ├── map-stream@0.1.0
118 silly currentTree ├── media-typer@0.3.0
118 silly currentTree ├── merge-descriptors@1.0.1
118 silly currentTree ├── methods@1.1.2
118 silly currentTree ├── micromatch@2.3.11
118 silly currentTree ├── mime-db@1.24.0
118 silly currentTree ├── mime-types@2.1.12
118 silly currentTree ├── mime@1.3.4
118 silly currentTree ├── minimatch@3.0.3
118 silly currentTree ├── minimist@0.0.8
118 silly currentTree ├── mkdirp@0.5.1
118 silly currentTree ├── mongodb-core@2.0.13
118 silly currentTree ├─┬ mongodb@2.2.11
118 silly currentTree │ └── es6-promise@3.2.1
118 silly currentTree ├── mongoose@4.6.5
118 silly currentTree ├── morgan@1.7.0
118 silly currentTree ├── mpath@0.2.1
118 silly currentTree ├── mpromise@0.5.5
118 silly currentTree ├─┬ mquery@2.0.0
118 silly currentTree │ └── sliced@0.0.5
118 silly currentTree ├── ms@0.7.1
118 silly currentTree ├── muri@1.1.1
118 silly currentTree ├── negotiator@0.5.3
118 silly currentTree ├── nested-error-stacks@1.0.2
118 silly currentTree ├── nodemon@1.11.0
118 silly currentTree ├── nopt@1.0.10
118 silly currentTree ├── normalize-path@2.0.1
118 silly currentTree ├── number-is-nan@1.0.1
118 silly currentTree ├── object-assign@4.1.0
118 silly currentTree ├── object.omit@2.0.0
118 silly currentTree ├── on-finished@2.3.0
118 silly currentTree ├── on-headers@1.0.1
118 silly currentTree ├── once@1.3.3
118 silly currentTree ├── os-homedir@1.0.2
118 silly currentTree ├── os-tmpdir@1.0.2
118 silly currentTree ├── osenv@0.1.3
118 silly currentTree ├── package-json@1.2.0
118 silly currentTree ├── parse-glob@3.0.4
118 silly currentTree ├── parseurl@1.3.1
118 silly currentTree ├── path-is-absolute@1.0.1
118 silly currentTree ├── path-to-regexp@0.1.7
118 silly currentTree ├── pause-stream@0.0.11
118 silly currentTree ├── pinkie-promise@2.0.1
118 silly currentTree ├── pinkie@2.0.4
118 silly currentTree ├── prepend-http@1.0.4
118 silly currentTree ├── preserve@0.2.0
118 silly currentTree ├── process-nextick-args@1.0.7
118 silly currentTree ├── proxy-addr@1.0.10
118 silly currentTree ├── ps-tree@1.1.0
118 silly currentTree ├── qs@6.2.0
118 silly currentTree ├── randomatic@1.1.5
118 silly currentTree ├── range-parser@1.0.3
118 silly currentTree ├── raw-body@2.1.7
118 silly currentTree ├─┬ rc@1.1.6
118 silly currentTree │ └── minimist@1.2.0
118 silly currentTree ├── read-all-stream@3.1.0
118 silly currentTree ├── readable-stream@2.1.5
118 silly currentTree ├── readdirp@2.1.0
118 silly currentTree ├── regex-cache@0.4.3
118 silly currentTree ├── regexp-clone@0.0.1
118 silly currentTree ├── registry-url@3.1.0
118 silly currentTree ├── repeat-element@1.1.2
118 silly currentTree ├── repeat-string@1.5.4
118 silly currentTree ├── repeating@1.1.3
118 silly currentTree ├── require_optional@1.0.0
118 silly currentTree ├── resolve-from@2.0.0
118 silly currentTree ├── semver-diff@2.1.0
118 silly currentTree ├── semver@5.3.0
118 silly currentTree ├─┬ send@0.13.1
118 silly currentTree │ ├── http-errors@1.3.1
118 silly currentTree │ └── statuses@1.2.1
118 silly currentTree ├── serve-favicon@2.3.0
118 silly currentTree ├─┬ serve-static@1.10.3
118 silly currentTree │ ├── http-errors@1.3.1
118 silly currentTree │ ├── send@0.13.2
118 silly currentTree │ └── statuses@1.2.1
118 silly currentTree ├── set-immediate-shim@1.0.1
118 silly currentTree ├── setprototypeof@1.0.1
118 silly currentTree ├── sliced@1.0.1
118 silly currentTree ├── slide@1.1.6
118 silly currentTree ├── split@0.3.3
118 silly currentTree ├── statuses@1.3.0
118 silly currentTree ├── stream-combiner@0.0.4
118 silly currentTree ├── stream-shift@1.0.0
118 silly currentTree ├── string_decoder@0.10.31
118 silly currentTree ├── string-length@1.0.1
118 silly currentTree ├── strip-ansi@3.0.1
118 silly currentTree ├── strip-json-comments@1.0.4
118 silly currentTree ├── supports-color@2.0.0
118 silly currentTree ├── through@2.3.8
118 silly currentTree ├── timed-out@2.0.0
118 silly currentTree ├── touch@1.0.0
118 silly currentTree ├── type-is@1.6.13
118 silly currentTree ├── undefsafe@0.0.3
118 silly currentTree ├── unpipe@1.0.0
118 silly currentTree ├── update-notifier@0.5.0
118 silly currentTree ├── util-deprecate@1.0.2
118 silly currentTree ├── utils-merge@1.0.0
118 silly currentTree ├── uuid@2.0.3
118 silly currentTree ├── vary@1.0.1
118 silly currentTree ├── wrappy@1.0.2
118 silly currentTree ├── write-file-atomic@1.2.0
118 silly currentTree └── xdg-basedir@2.0.0
119 silly idealTree nevget-server@0.0.0
119 silly idealTree ├── abbrev@1.0.9
119 silly idealTree ├── accepts@1.2.13
119 silly idealTree ├── ansi-regex@2.0.0
119 silly idealTree ├── ansi-styles@2.2.1
119 silly idealTree ├── anymatch@1.3.0
119 silly idealTree ├── arr-diff@2.0.0
119 silly idealTree ├── arr-flatten@1.0.1
119 silly idealTree ├── array-flatten@1.1.1
119 silly idealTree ├── array-unique@0.2.1
119 silly idealTree ├── arrify@1.0.1
119 silly idealTree ├── async-each@1.0.1
119 silly idealTree ├── async@2.0.1
119 silly idealTree ├── balanced-match@0.4.2
119 silly idealTree ├── basic-auth@1.0.4
119 silly idealTree ├── binary-extensions@1.7.0
119 silly idealTree ├── bluebird@2.10.2
119 silly idealTree ├── body-parser@1.15.2
119 silly idealTree ├── brace-expansion@1.1.6
119 silly idealTree ├── braces@1.8.5
119 silly idealTree ├── bson@0.5.6
119 silly idealTree ├── buffer-shims@1.0.0
119 silly idealTree ├── bytes@2.4.0
119 silly idealTree ├── canvas@1.6.1
119 silly idealTree ├── chalk@1.1.3
119 silly idealTree ├── chokidar@1.6.1
119 silly idealTree ├── concat-map@0.0.1
119 silly idealTree ├── configstore@1.4.0
119 silly idealTree ├── content-disposition@0.5.1
119 silly idealTree ├── content-type@1.0.2
119 silly idealTree ├── cookie-parser@1.4.3
119 silly idealTree ├── cookie-signature@1.0.6
119 silly idealTree ├── cookie@0.3.1
119 silly idealTree ├── core-util-is@1.0.2
119 silly idealTree ├── debug@2.2.0
119 silly idealTree ├── deep-extend@0.4.1
119 silly idealTree ├── depd@1.1.0
119 silly idealTree ├── destroy@1.0.4
119 silly idealTree ├── duplexer@0.1.1
119 silly idealTree ├── duplexify@3.4.6
119 silly idealTree ├── ee-first@1.1.1
119 silly idealTree ├── ejs@2.4.2
119 silly idealTree ├── end-of-stream@1.0.0
119 silly idealTree ├── es6-promise@3.3.1
119 silly idealTree ├── escape-html@1.0.3
119 silly idealTree ├── escape-string-regexp@1.0.5
119 silly idealTree ├── etag@1.7.0
119 silly idealTree ├── event-stream@3.3.4
119 silly idealTree ├── expand-brackets@0.1.5
119 silly idealTree ├── expand-range@1.8.2
119 silly idealTree ├─┬ express@4.13.4
119 silly idealTree │ ├── cookie@0.1.5
119 silly idealTree │ └── qs@4.0.0
119 silly idealTree ├── extglob@0.3.2
119 silly idealTree ├── filename-regex@2.0.0
119 silly idealTree ├── fill-range@2.2.3
119 silly idealTree ├── finalhandler@0.4.1
119 silly idealTree ├── for-in@0.1.6
119 silly idealTree ├── for-own@0.1.4
119 silly idealTree ├── forwarded@0.1.0
119 silly idealTree ├── fresh@0.3.0
119 silly idealTree ├── from@0.1.3
119 silly idealTree ├── glob-base@0.3.0
119 silly idealTree ├── glob-parent@2.0.0
119 silly idealTree ├─┬ got@3.3.1
119 silly idealTree │ └── object-assign@3.0.0
119 silly idealTree ├── graceful-fs@4.1.9
119 silly idealTree ├── has-ansi@2.0.0
119 silly idealTree ├── hooks-fixed@1.2.0
119 silly idealTree ├── http-errors@1.5.0
119 silly idealTree ├── iconv-lite@0.4.13
119 silly idealTree ├── ignore-by-default@1.0.1
119 silly idealTree ├── imurmurhash@0.1.4
119 silly idealTree ├── infinity-agent@2.0.3
119 silly idealTree ├── inherits@2.0.1
119 silly idealTree ├── ini@1.3.4
119 silly idealTree ├── ipaddr.js@1.0.5
119 silly idealTree ├── is-binary-path@1.0.1
119 silly idealTree ├── is-buffer@1.1.4
119 silly idealTree ├── is-dotfile@1.0.2
119 silly idealTree ├── is-equal-shallow@0.1.3
119 silly idealTree ├── is-extendable@0.1.1
119 silly idealTree ├── is-extglob@1.0.0
119 silly idealTree ├── is-finite@1.0.2
119 silly idealTree ├── is-glob@2.0.1
119 silly idealTree ├── is-npm@1.0.0
119 silly idealTree ├── is-number@2.1.0
119 silly idealTree ├── is-posix-bracket@0.1.1
119 silly idealTree ├── is-primitive@2.0.0
119 silly idealTree ├── is-redirect@1.0.0
119 silly idealTree ├── is-stream@1.1.0
119 silly idealTree ├── isarray@1.0.0
119 silly idealTree ├── isobject@2.1.0
119 silly idealTree ├── kareem@1.1.3
119 silly idealTree ├── kind-of@3.0.4
119 silly idealTree ├── latest-version@1.0.1
119 silly idealTree ├── lodash._baseassign@3.2.0
119 silly idealTree ├── lodash._basecopy@3.0.1
119 silly idealTree ├── lodash._bindcallback@3.0.1
119 silly idealTree ├── lodash._createassigner@3.1.1
119 silly idealTree ├── lodash._getnative@3.9.1
119 silly idealTree ├── lodash._isiterateecall@3.0.9
119 silly idealTree ├── lodash.assign@3.2.0
119 silly idealTree ├── lodash.defaults@3.1.2
119 silly idealTree ├── lodash.isarguments@3.1.0
119 silly idealTree ├── lodash.isarray@3.0.4
119 silly idealTree ├── lodash.keys@3.1.2
119 silly idealTree ├── lodash.restparam@3.6.1
119 silly idealTree ├── lodash@4.16.4
119 silly idealTree ├── lowercase-keys@1.0.0
119 silly idealTree ├── map-stream@0.1.0
119 silly idealTree ├── media-typer@0.3.0
119 silly idealTree ├── merge-descriptors@1.0.1
119 silly idealTree ├── methods@1.1.2
119 silly idealTree ├── micromatch@2.3.11
119 silly idealTree ├── mime-db@1.24.0
119 silly idealTree ├── mime-types@2.1.12
119 silly idealTree ├── mime@1.3.4
119 silly idealTree ├── minimatch@3.0.3
119 silly idealTree ├── minimist@0.0.8
119 silly idealTree ├── mkdirp@0.5.1
119 silly idealTree ├── mongodb-core@2.0.13
119 silly idealTree ├─┬ mongodb@2.2.11
119 silly idealTree │ └── es6-promise@3.2.1
119 silly idealTree ├── mongoose@4.6.5
119 silly idealTree ├── morgan@1.7.0
119 silly idealTree ├── mpath@0.2.1
119 silly idealTree ├── mpromise@0.5.5
119 silly idealTree ├─┬ mquery@2.0.0
119 silly idealTree │ └── sliced@0.0.5
119 silly idealTree ├── ms@0.7.1
119 silly idealTree ├── muri@1.1.1
119 silly idealTree ├── nan@2.4.0
119 silly idealTree ├── negotiator@0.5.3
119 silly idealTree ├── nested-error-stacks@1.0.2
119 silly idealTree ├── nodemon@1.11.0
119 silly idealTree ├── nopt@1.0.10
119 silly idealTree ├── normalize-path@2.0.1
119 silly idealTree ├── number-is-nan@1.0.1
119 silly idealTree ├── object-assign@4.1.0
119 silly idealTree ├── object.omit@2.0.0
119 silly idealTree ├── on-finished@2.3.0
119 silly idealTree ├── on-headers@1.0.1
119 silly idealTree ├── once@1.3.3
119 silly idealTree ├── os-homedir@1.0.2
119 silly idealTree ├── os-tmpdir@1.0.2
119 silly idealTree ├── osenv@0.1.3
119 silly idealTree ├── package-json@1.2.0
119 silly idealTree ├── parse-glob@3.0.4
119 silly idealTree ├── parseurl@1.3.1
119 silly idealTree ├── path-is-absolute@1.0.1
119 silly idealTree ├── path-to-regexp@0.1.7
119 silly idealTree ├── pause-stream@0.0.11
119 silly idealTree ├── pinkie-promise@2.0.1
119 silly idealTree ├── pinkie@2.0.4
119 silly idealTree ├── prepend-http@1.0.4
119 silly idealTree ├── preserve@0.2.0
119 silly idealTree ├── process-nextick-args@1.0.7
119 silly idealTree ├── proxy-addr@1.0.10
119 silly idealTree ├── ps-tree@1.1.0
119 silly idealTree ├── qs@6.2.0
119 silly idealTree ├── randomatic@1.1.5
119 silly idealTree ├── range-parser@1.0.3
119 silly idealTree ├── raw-body@2.1.7
119 silly idealTree ├─┬ rc@1.1.6
119 silly idealTree │ └── minimist@1.2.0
119 silly idealTree ├── read-all-stream@3.1.0
119 silly idealTree ├── readable-stream@2.1.5
119 silly idealTree ├── readdirp@2.1.0
119 silly idealTree ├── regex-cache@0.4.3
119 silly idealTree ├── regexp-clone@0.0.1
119 silly idealTree ├── registry-url@3.1.0
119 silly idealTree ├── repeat-element@1.1.2
119 silly idealTree ├── repeat-string@1.5.4
119 silly idealTree ├── repeating@1.1.3
119 silly idealTree ├── require_optional@1.0.0
119 silly idealTree ├── resolve-from@2.0.0
119 silly idealTree ├── semver-diff@2.1.0
119 silly idealTree ├── semver@5.3.0
119 silly idealTree ├─┬ send@0.13.1
119 silly idealTree │ ├── http-errors@1.3.1
119 silly idealTree │ └── statuses@1.2.1
119 silly idealTree ├── serve-favicon@2.3.0
119 silly idealTree ├─┬ serve-static@1.10.3
119 silly idealTree │ ├── http-errors@1.3.1
119 silly idealTree │ ├── send@0.13.2
119 silly idealTree │ └── statuses@1.2.1
119 silly idealTree ├── set-immediate-shim@1.0.1
119 silly idealTree ├── setprototypeof@1.0.1
119 silly idealTree ├── sliced@1.0.1
119 silly idealTree ├── slide@1.1.6
119 silly idealTree ├── split@0.3.3
119 silly idealTree ├── statuses@1.3.0
119 silly idealTree ├── stream-combiner@0.0.4
119 silly idealTree ├── stream-shift@1.0.0
119 silly idealTree ├── string_decoder@0.10.31
119 silly idealTree ├── string-length@1.0.1
119 silly idealTree ├── strip-ansi@3.0.1
119 silly idealTree ├── strip-json-comments@1.0.4
119 silly idealTree ├── supports-color@2.0.0
119 silly idealTree ├── through@2.3.8
119 silly idealTree ├── timed-out@2.0.0
119 silly idealTree ├── touch@1.0.0
119 silly idealTree ├── type-is@1.6.13
119 silly idealTree ├── undefsafe@0.0.3
119 silly idealTree ├── unpipe@1.0.0
119 silly idealTree ├── update-notifier@0.5.0
119 silly idealTree ├── util-deprecate@1.0.2
119 silly idealTree ├── utils-merge@1.0.0
119 silly idealTree ├── uuid@2.0.3
119 silly idealTree ├── vary@1.0.1
119 silly idealTree ├── wrappy@1.0.2
119 silly idealTree ├── write-file-atomic@1.2.0
119 silly idealTree └── xdg-basedir@2.0.0
120 silly generateActionsToTake Starting
121 silly install generateActionsToTake
122 silly generateActionsToTake Finishing
123 silly diffTrees action count 2
124 silly diffTrees add nan@2.4.0
125 silly diffTrees add canvas@1.6.1
126 silly decomposeActions action count 16
127 silly decomposeActions fetch nan@2.4.0
128 silly decomposeActions extract nan@2.4.0
129 silly decomposeActions test nan@2.4.0
130 silly decomposeActions preinstall nan@2.4.0
131 silly decomposeActions build nan@2.4.0
132 silly decomposeActions install nan@2.4.0
133 silly decomposeActions postinstall nan@2.4.0
134 silly decomposeActions finalize nan@2.4.0
135 silly decomposeActions fetch canvas@1.6.1
136 silly decomposeActions extract canvas@1.6.1
137 silly decomposeActions test canvas@1.6.1
138 silly decomposeActions preinstall canvas@1.6.1
139 silly decomposeActions build canvas@1.6.1
140 silly decomposeActions install canvas@1.6.1
141 silly decomposeActions postinstall canvas@1.6.1
142 silly decomposeActions finalize canvas@1.6.1
143 silly runTopLevelLifecycles Starting
144 silly executeActions Starting
145 silly install executeActions
146 silly doSerial global-install 0
147 silly doParallel fetch 2
148 verbose correctMkdir /root/.npm/_locks correctMkdir not in flight; initializing
149 verbose lock using /root/.npm/_locks/staging-113548d3040ee012.lock for /root/server/nevget-backend/nevget-server/node_modules/.staging
150 silly doParallel extract 2
151 silly extract nan@2.4.0
152 silly extract canvas@1.6.1
153 verbose unbuild node_modules/.staging/nan-a672f615
154 verbose unbuild node_modules/.staging/canvas-a22edf61
155 silly gentlyRm /root/server/nevget-backend/nevget-server/node_modules/.staging/nan-a672f615 is being purged from base /root/server/nevget-backend/nevget-server
156 verbose gentlyRm don't care about contents; nuking /root/server/nevget-backend/nevget-server/node_modules/.staging/nan-a672f615
157 silly gentlyRm /root/server/nevget-backend/nevget-server/node_modules/.staging/canvas-a22edf61 is being purged from base /root/server/nevget-backend/nevget-server
158 verbose gentlyRm don't care about contents; nuking /root/server/nevget-backend/nevget-server/node_modules/.staging/canvas-a22edf61
159 verbose tar unpack /root/.npm/nan/2.4.0/package.tgz
160 verbose tar unpacking to /root/server/nevget-backend/nevget-server/node_modules/.staging/nan-a672f615
161 silly gentlyRm /root/server/nevget-backend/nevget-server/node_modules/.staging/nan-a672f615 is being purged
162 verbose gentlyRm don't care about contents; nuking /root/server/nevget-backend/nevget-server/node_modules/.staging/nan-a672f615
163 verbose tar unpack /root/.npm/canvas/1.6.1/package.tgz
164 verbose tar unpacking to /root/server/nevget-backend/nevget-server/node_modules/.staging/canvas-a22edf61
165 silly gentlyRm /root/server/nevget-backend/nevget-server/node_modules/.staging/canvas-a22edf61 is being purged
166 verbose gentlyRm don't care about contents; nuking /root/server/nevget-backend/nevget-server/node_modules/.staging/canvas-a22edf61
167 silly gunzTarPerm modes [ '755', '644' ]
168 silly gunzTarPerm modes [ '755', '644' ]
169 silly gunzTarPerm extractEntry package.json
170 silly gunzTarPerm modified mode [ 'package.json', 436, 420 ]
171 silly gunzTarPerm extractEntry package.json
172 silly gunzTarPerm extractEntry README.md
173 silly gunzTarPerm modified mode [ 'README.md', 436, 420 ]
174 silly gunzTarPerm extractEntry include_dirs.js
175 silly gunzTarPerm modified mode [ 'include_dirs.js', 436, 420 ]
176 silly gunzTarPerm extractEntry .npmignore
177 silly gunzTarPerm extractEntry index.js
178 silly gunzTarPerm extractEntry nan_callbacks_pre_12_inl.h
179 silly gunzTarPerm modified mode [ 'nan_callbacks_pre_12_inl.h', 436, 420 ]
180 silly gunzTarPerm extractEntry CHANGELOG.md
181 silly gunzTarPerm modified mode [ 'CHANGELOG.md', 436, 420 ]
182 silly gunzTarPerm extractEntry LICENSE.md
183 silly gunzTarPerm modified mode [ 'LICENSE.md', 436, 420 ]
184 silly gunzTarPerm extractEntry History.md
185 silly gunzTarPerm extractEntry Readme.md
186 silly gunzTarPerm extractEntry binding.gyp
187 silly gunzTarPerm extractEntry .github/ISSUE_TEMPLATE.md
188 silly gunzTarPerm extractEntry lib/bindings.js
189 silly gunzTarPerm extractEntry lib/canvas.js
190 silly gunzTarPerm extractEntry lib/context2d.js
191 silly gunzTarPerm extractEntry lib/image.js
192 silly gunzTarPerm extractEntry lib/jpegstream.js
193 silly gunzTarPerm extractEntry lib/pdfstream.js
194 silly gunzTarPerm extractEntry lib/pngstream.js
195 silly gunzTarPerm extractEntry .travis.yml
196 silly gunzTarPerm extractEntry src/Image.cc
197 silly gunzTarPerm extractEntry src/Canvas.cc
198 silly gunzTarPerm extractEntry src/CanvasGradient.cc
199 silly gunzTarPerm extractEntry src/CanvasGradient.h
200 silly gunzTarPerm extractEntry src/CanvasPattern.cc
201 silly gunzTarPerm extractEntry src/CanvasPattern.h
202 silly gunzTarPerm extractEntry src/CanvasRenderingContext2d.cc
203 silly gunzTarPerm extractEntry src/CanvasRenderingContext2d.h
204 silly gunzTarPerm extractEntry src/FontFace.cc
205 silly gunzTarPerm extractEntry src/FontFace.h
206 silly gunzTarPerm extractEntry src/Canvas.h
207 silly gunzTarPerm extractEntry src/Image.h
208 silly gunzTarPerm extractEntry src/ImageData.cc
209 silly gunzTarPerm extractEntry src/ImageData.h
210 silly gunzTarPerm extractEntry src/JPEGStream.h
211 silly gunzTarPerm extractEntry src/PNG.h
212 silly gunzTarPerm extractEntry src/Point.h
213 silly gunzTarPerm extractEntry src/closure.h
214 silly gunzTarPerm extractEntry src/color.cc
215 silly gunzTarPerm extractEntry src/color.h
216 silly gunzTarPerm extractEntry src/init.cc
217 silly gunzTarPerm extractEntry util/has_lib.sh
218 silly gunzTarPerm extractEntry doc/node_misc.md
219 silly gunzTarPerm modified mode [ 'doc/node_misc.md', 436, 420 ]
220 silly gunzTarPerm extractEntry doc/asyncworker.md
221 silly gunzTarPerm modified mode [ 'doc/asyncworker.md', 436, 420 ]
222 silly gunzTarPerm extractEntry doc/callback.md
223 silly gunzTarPerm modified mode [ 'doc/callback.md', 436, 420 ]
224 silly gunzTarPerm extractEntry doc/converters.md
225 silly gunzTarPerm modified mode [ 'doc/converters.md', 436, 420 ]
226 silly gunzTarPerm extractEntry doc/errors.md
227 silly gunzTarPerm modified mode [ 'doc/errors.md', 436, 420 ]
228 silly gunzTarPerm extractEntry doc/maybe_types.md
229 silly gunzTarPerm modified mode [ 'doc/maybe_types.md', 436, 420 ]
230 silly gunzTarPerm extractEntry doc/methods.md
231 silly gunzTarPerm modified mode [ 'doc/methods.md', 436, 420 ]
232 silly gunzTarPerm extractEntry doc/new.md
233 silly gunzTarPerm modified mode [ 'doc/new.md', 436, 420 ]
234 silly gunzTarPerm extractEntry doc/buffers.md
235 silly gunzTarPerm modified mode [ 'doc/buffers.md', 436, 420 ]
236 silly gunzTarPerm extractEntry doc/object_wrappers.md
237 silly gunzTarPerm modified mode [ 'doc/object_wrappers.md', 436, 420 ]
238 silly gunzTarPerm extractEntry doc/persistent.md
239 silly gunzTarPerm modified mode [ 'doc/persistent.md', 436, 420 ]
240 silly gunzTarPerm extractEntry doc/scopes.md
241 silly gunzTarPerm modified mode [ 'doc/scopes.md', 436, 420 ]
242 silly gunzTarPerm extractEntry doc/script.md
243 silly gunzTarPerm modified mode [ 'doc/script.md', 436, 420 ]
244 silly gunzTarPerm extractEntry doc/string_bytes.md
245 silly gunzTarPerm modified mode [ 'doc/string_bytes.md', 436, 420 ]
246 silly gunzTarPerm extractEntry doc/v8_internals.md
247 silly gunzTarPerm modified mode [ 'doc/v8_internals.md', 436, 420 ]
248 silly gunzTarPerm extractEntry doc/v8_misc.md
249 silly gunzTarPerm modified mode [ 'doc/v8_misc.md', 436, 420 ]
250 silly gunzTarPerm extractEntry nan.h
251 silly gunzTarPerm modified mode [ 'nan.h', 436, 420 ]
252 silly gunzTarPerm extractEntry nan_callbacks.h
253 silly gunzTarPerm modified mode [ 'nan_callbacks.h', 436, 420 ]
254 silly gunzTarPerm extractEntry nan_callbacks_12_inl.h
255 silly gunzTarPerm modified mode [ 'nan_callbacks_12_inl.h', 436, 420 ]
256 silly gunzTarPerm extractEntry nan_converters.h
257 silly gunzTarPerm modified mode [ 'nan_converters.h', 436, 420 ]
258 silly gunzTarPerm extractEntry nan_converters_43_inl.h
259 silly gunzTarPerm modified mode [ 'nan_converters_43_inl.h', 436, 420 ]
260 silly gunzTarPerm extractEntry nan_converters_pre_43_inl.h
261 silly gunzTarPerm modified mode [ 'nan_converters_pre_43_inl.h', 436, 420 ]
262 silly gunzTarPerm extractEntry nan_implementation_12_inl.h
263 silly gunzTarPerm modified mode [ 'nan_implementation_12_inl.h', 436, 420 ]
264 silly gunzTarPerm extractEntry nan_implementation_pre_12_inl.h
265 silly gunzTarPerm modified mode [ 'nan_implementation_pre_12_inl.h', 436, 420 ]
266 silly gunzTarPerm extractEntry nan_maybe_43_inl.h
267 silly gunzTarPerm modified mode [ 'nan_maybe_43_inl.h', 436, 420 ]
268 silly gunzTarPerm extractEntry nan_maybe_pre_43_inl.h
269 silly gunzTarPerm modified mode [ 'nan_maybe_pre_43_inl.h', 436, 420 ]
270 silly gunzTarPerm extractEntry nan_new.h
271 silly gunzTarPerm modified mode [ 'nan_new.h', 436, 420 ]
272 silly gunzTarPerm extractEntry nan_object_wrap.h
273 silly gunzTarPerm modified mode [ 'nan_object_wrap.h', 436, 420 ]
274 silly gunzTarPerm extractEntry nan_persistent_12_inl.h
275 silly gunzTarPerm modified mode [ 'nan_persistent_12_inl.h', 436, 420 ]
276 silly gunzTarPerm extractEntry nan_persistent_pre_12_inl.h
277 silly gunzTarPerm modified mode [ 'nan_persistent_pre_12_inl.h', 436, 420 ]
278 silly gunzTarPerm extractEntry nan_string_bytes.h
279 silly gunzTarPerm modified mode [ 'nan_string_bytes.h', 436, 420 ]
280 silly gunzTarPerm extractEntry nan_typedarray_contents.h
281 silly gunzTarPerm modified mode [ 'nan_typedarray_contents.h', 436, 420 ]
282 silly gunzTarPerm extractEntry nan_weak.h
283 silly gunzTarPerm modified mode [ 'nan_weak.h', 436, 420 ]
284 silly gunzTarPerm extractEntry tools/package.json
285 silly gunzTarPerm modified mode [ 'tools/package.json', 436, 420 ]
286 silly gunzTarPerm extractEntry tools/README.md
287 silly gunzTarPerm modified mode [ 'tools/README.md', 436, 420 ]
288 silly gunzTarPerm extractEntry tools/1to2.js
289 silly gunzTarPerm modified mode [ 'tools/1to2.js', 509, 493 ]
290 silly gentlyRm /root/server/nevget-backend/nevget-server/node_modules/.staging/canvas-a22edf61/node_modules is being purged
291 verbose gentlyRm don't care about contents; nuking /root/server/nevget-backend/nevget-server/node_modules/.staging/canvas-a22edf61/node_modules
292 silly gentlyRm /root/server/nevget-backend/nevget-server/node_modules/.staging/nan-a672f615/node_modules is being purged
293 verbose gentlyRm don't care about contents; nuking /root/server/nevget-backend/nevget-server/node_modules/.staging/nan-a672f615/node_modules
294 silly doParallel preinstall 2
295 silly preinstall nan@2.4.0 /root/server/nevget-backend/nevget-server/node_modules/.staging/nan-a672f615
296 info lifecycle nan@2.4.0~preinstall: nan@2.4.0
297 silly preinstall canvas@1.6.1 /root/server/nevget-backend/nevget-server/node_modules/.staging/canvas-a22edf61
298 info lifecycle canvas@1.6.1~preinstall: canvas@1.6.1
299 silly lifecycle nan@2.4.0~preinstall: no script for preinstall, continuing
300 silly lifecycle canvas@1.6.1~preinstall: no script for preinstall, continuing
301 silly doReverseSerial remove 0
302 silly doSerial move 0
303 silly doSerial finalize 2
304 silly finalize /root/server/nevget-backend/nevget-server/node_modules/nan
305 silly finalize /root/server/nevget-backend/nevget-server/node_modules/canvas
306 silly doSerial build 2
307 silly build nan@2.4.0
308 info linkStuff nan@2.4.0
309 silly linkStuff nan@2.4.0 has /root/server/nevget-backend/nevget-server/node_modules as its parent node_modules
310 verbose linkBins nan@2.4.0
311 verbose linkMans nan@2.4.0
312 silly build canvas@1.6.1
313 info linkStuff canvas@1.6.1
314 silly linkStuff canvas@1.6.1 has /root/server/nevget-backend/nevget-server/node_modules as its parent node_modules
315 verbose linkBins canvas@1.6.1
316 verbose linkMans canvas@1.6.1
317 silly doSerial global-link 0
318 silly doParallel update-linked 0
319 silly doSerial install 2
320 silly install nan@2.4.0 /root/server/nevget-backend/nevget-server/node_modules/.staging/nan-a672f615
321 info lifecycle nan@2.4.0~install: nan@2.4.0
322 silly lifecycle nan@2.4.0~install: no script for install, continuing
323 silly install canvas@1.6.1 /root/server/nevget-backend/nevget-server/node_modules/.staging/canvas-a22edf61
324 info lifecycle canvas@1.6.1~install: canvas@1.6.1
325 verbose lifecycle canvas@1.6.1~install: unsafe-perm in lifecycle false
326 verbose lifecycle canvas@1.6.1~install: PATH: /usr/lib/node_modules/npm/bin/node-gyp-bin:/root/server/nevget-backend/nevget-server/node_modules/canvas/node_modules/.bin:/root/server/nevget-backend/nevget-server/node_modules/.bin:/usr/local/sbin:/usr/local/bin:/usr/sbin:/usr/bin:/root/.local/bin:/root/bin
327 verbose lifecycle canvas@1.6.1~install: CWD: /root/server/nevget-backend/nevget-server/node_modules/canvas
328 silly lifecycle canvas@1.6.1~install: Args: [ '-c', 'node-gyp rebuild' ]
329 silly lifecycle canvas@1.6.1~install: Returned: code: 1  signal: null
330 info lifecycle canvas@1.6.1~install: Failed to exec install script
331 verbose unlock done using /root/.npm/_locks/staging-113548d3040ee012.lock for /root/server/nevget-backend/nevget-server/node_modules/.staging
332 silly rollbackFailedOptional Starting
333 silly rollbackFailedOptional Finishing
334 silly runTopLevelLifecycles Finishing
335 silly install printInstalled
336 warn optional SKIPPING OPTIONAL DEPENDENCY: fsevents@^1.0.0 (node_modules/chokidar/node_modules/fsevents):
337 warn notsup SKIPPING OPTIONAL DEPENDENCY: Unsupported platform for fsevents@1.0.14: wanted {"os":"darwin","arch":"any"} (current: {"os":"linux","arch":"x64"})
338 verbose notsup SKIPPING OPTIONAL DEPENDENCY: Valid OS:    darwin
338 verbose notsup SKIPPING OPTIONAL DEPENDENCY: Valid Arch:  any
338 verbose notsup SKIPPING OPTIONAL DEPENDENCY: Actual OS:   linux
338 verbose notsup SKIPPING OPTIONAL DEPENDENCY: Actual Arch: x64
339 verbose stack Error: canvas@1.6.1 install: `node-gyp rebuild`
339 verbose stack Exit status 1
339 verbose stack     at EventEmitter.<anonymous> (/usr/lib/node_modules/npm/lib/utils/lifecycle.js:255:16)
339 verbose stack     at emitTwo (events.js:106:13)
339 verbose stack     at EventEmitter.emit (events.js:191:7)
339 verbose stack     at ChildProcess.<anonymous> (/usr/lib/node_modules/npm/lib/utils/spawn.js:40:14)
339 verbose stack     at emitTwo (events.js:106:13)
339 verbose stack     at ChildProcess.emit (events.js:191:7)
339 verbose stack     at maybeClose (internal/child_process.js:877:16)
339 verbose stack     at Process.ChildProcess._handle.onexit (internal/child_process.js:226:5)
340 verbose pkgid canvas@1.6.1
341 verbose cwd /root/server/nevget-backend/nevget-server
342 error Linux 3.10.0-327.36.1.el7.x86_64
343 error argv "/usr/bin/node" "/usr/bin/npm" "install" "canvas"
344 error node v6.9.0
345 error npm  v3.10.8
346 error code ELIFECYCLE
347 error canvas@1.6.1 install: `node-gyp rebuild`
347 error Exit status 1
348 error Failed at the canvas@1.6.1 install script 'node-gyp rebuild'.
348 error Make sure you have the latest version of node.js and npm installed.
348 error If you do, this is most likely a problem with the canvas package,
348 error not with npm itself.
348 error Tell the author that this fails on your system:
348 error     node-gyp rebuild
348 error You can get information on how to open an issue for this project with:
348 error     npm bugs canvas
348 error Or if that isn't available, you can get their info via:
348 error     npm owner ls canvas
348 error There is likely additional logging output above.
349 verbose exit [ 1, true ]
